Determining if the pthread_create exist failed with the following output:
Change Dir: /home/xlx/catkin_ws_DJI/build/CMakeFiles/CMakeTmp

Run Build Command(s):/usr/bin/make cmTC_a6e03/fast 
/usr/bin/make -f CMakeFiles/cmTC_a6e03.dir/build.make CMakeFiles/cmTC_a6e03.dir/build
make[1]: Entering directory '/home/xlx/catkin_ws_DJI/build/CMakeFiles/CMakeTmp'
Building C object CMakeFiles/cmTC_a6e03.dir/CheckSymbolExists.c.o
/usr/bin/cc    -o CMakeFiles/cmTC_a6e03.dir/CheckSymbolExists.c.o   -c /home/xlx/catkin_ws_DJI/build/CMakeFiles/CMakeTmp/CheckSymbolExists.c
Linking C executable cmTC_a6e03
/opt/cmake-3.14.6/bin/cmake -E cmake_link_script CMakeFiles/cmTC_a6e03.dir/link.txt --verbose=1
/usr/bin/cc      -rdynamic CMakeFiles/cmTC_a6e03.dir/CheckSymbolExists.c.o  -o cmTC_a6e03 
CMakeFiles/cmTC_a6e03.dir/CheckSymbolExists.c.o：在函数‘main’中：
CheckSymbolExists.c:(.text+0x16)：对‘pthread_create’未定义的引用
collect2: error: ld returned 1 exit status
CMakeFiles/cmTC_a6e03.dir/build.make:86: recipe for target 'cmTC_a6e03' failed
make[1]: *** [cmTC_a6e03] Error 1
make[1]: Leaving directory '/home/xlx/catkin_ws_DJI/build/CMakeFiles/CMakeTmp'
Makefile:121: recipe for target 'cmTC_a6e03/fast' failed
make: *** [cmTC_a6e03/fast] Error 2

File /home/xlx/catkin_ws_DJI/build/CMakeFiles/CMakeTmp/CheckSymbolExists.c:
/* */
#include <pthread.h>

int main(int argc, char** argv)
{
  (void)argv;
#ifndef pthread_create
  return ((int*)(&pthread_create))[argc];
#else
  (void)argc;
  return 0;
#endif
}

Determining if the function pthread_create exists in the pthreads failed with the following output:
Change Dir: /home/xlx/catkin_ws_DJI/build/CMakeFiles/CMakeTmp

Run Build Command(s):/usr/bin/make cmTC_56e4b/fast 
/usr/bin/make -f CMakeFiles/cmTC_56e4b.dir/build.make CMakeFiles/cmTC_56e4b.dir/build
make[1]: Entering directory '/home/xlx/catkin_ws_DJI/build/CMakeFiles/CMakeTmp'
Building C object CMakeFiles/cmTC_56e4b.dir/CheckFunctionExists.c.o
/usr/bin/cc   -DCHECK_FUNCTION_EXISTS=pthread_create   -o CMakeFiles/cmTC_56e4b.dir/CheckFunctionExists.c.o   -c /opt/cmake-3.14.6/share/cmake-3.14/Modules/CheckFunctionExists.c
Linking C executable cmTC_56e4b
/opt/cmake-3.14.6/bin/cmake -E cmake_link_script CMakeFiles/cmTC_56e4b.dir/link.txt --verbose=1
/usr/bin/cc  -DCHECK_FUNCTION_EXISTS=pthread_create    -rdynamic CMakeFiles/cmTC_56e4b.dir/CheckFunctionExists.c.o  -o cmTC_56e4b -lpthreads 
/usr/bin/ld: 找不到 -lpthreads
collect2: error: ld returned 1 exit status
CMakeFiles/cmTC_56e4b.dir/build.make:86: recipe for target 'cmTC_56e4b' failed
make[1]: *** [cmTC_56e4b] Error 1
make[1]: Leaving directory '/home/xlx/catkin_ws_DJI/build/CMakeFiles/CMakeTmp'
Makefile:121: recipe for target 'cmTC_56e4b/fast' failed
make: *** [cmTC_56e4b/fast] Error 2


